<?xml version="1.0" encoding="UTF-8"?>
<!-- Generated by org.testng.reporters.JUnitReportReporter -->
<testsuite hostname="DESKTOP-COCUANV" failures="0" tests="3" name="TestNg_Practice.TestNG_Annotations_Order" time="0.016" errors="0" timestamp="2022-06-01T08:25:30 IST" skipped="0">
  <testcase classname="TestNg_Practice.TestNG_Annotations_Order" name="test_5" time="0.009"/>
  <system-out/>
  <testcase classname="TestNg_Practice.TestNG_Annotations_Order" name="test_6" time="0.005"/>
  <system-out/>
  <testcase classname="TestNg_Practice.TestNG_Annotations_Order" name="test_76" time="0.002"/>
  <system-out/>
</testsuite> <!-- TestNg_Practice.TestNG_Annotations_Order -->
