<?xml version="1.0" encoding="UTF-8"?>
<!-- Generated by org.testng.reporters.JUnitReportReporter -->
<testsuite hostname="DESKTOP-COCUANV" failures="0" tests="3" name="TestNg_Practice.TestNG_DataProvider_Example" time="28.211" errors="0" timestamp="2022-06-03T07:25:14 IST" skipped="0">
  <testcase classname="TestNg_Practice.TestNG_DataProvider_Example" name="tittle_test" time="4.479"/>
  <system-out/>
  <testcase classname="TestNg_Practice.TestNG_DataProvider_Example" name="tittle_test" time="19.410"/>
  <system-out/>
  <testcase classname="TestNg_Practice.TestNG_DataProvider_Example" name="tittle_test" time="4.322"/>
  <system-out/>
</testsuite> <!-- TestNg_Practice.TestNG_DataProvider_Example -->
