<?xml version="1.0" encoding="UTF-8"?>
<!-- Generated by org.testng.reporters.JUnitReportReporter -->
<testsuite hostname="DESKTOP-COCUANV" failures="0" tests="2" name="TestNg_Practice.CrossBrowserTesting_Example" time="23.473" errors="0" timestamp="2022-06-02T07:05:04 IST" skipped="0">
  <testcase classname="TestNg_Practice.CrossBrowserTesting_Example" name="tittle_test" time="17.409"/>
  <system-out/>
  <testcase classname="TestNg_Practice.CrossBrowserTesting_Example" name="tittle_test" time="6.064"/>
  <system-out/>
</testsuite> <!-- TestNg_Practice.CrossBrowserTesting_Example -->
